2015/11/02 03:31:43 [error] [exception.CHttpException.404] exception 'CHttpException' with message 'Unable to resolve the request "gii".' in /var/www/html/yii/framework/web/CWebApplication.php:286
Stack trace:
#0 /var/www/html/yii/framework/web/CWebApplication.php(141): CWebApplication->runController('gii')
#1 /var/www/html/yii/framework/base/CApplication.php(184): CWebApplication->processRequest()
#2 /var/www/html/bi/index.php(13): CApplication->run()
#3 {main}
REQUEST_URI=/index.php?r=gii
---
2015/11/02 03:31:48 [error] [exception.CHttpException.404] exception 'CHttpException' with message 'Unable to resolve the request "gii".' in /var/www/html/yii/framework/web/CWebApplication.php:286
Stack trace:
#0 /var/www/html/yii/framework/web/CWebApplication.php(141): CWebApplication->runController('gii')
#1 /var/www/html/yii/framework/base/CApplication.php(184): CWebApplication->processRequest()
#2 /var/www/html/bi/index.php(13): CApplication->run()
#3 {main}
REQUEST_URI=/index.php?r=gii
---
2015/11/02 03:34:04 [error] [exception.CHttpException.403] exception 'CHttpException' with message 'You are not allowed to access this page.' in /var/www/html/yii/framework/gii/GiiModule.php:170
Stack trace:
#0 /var/www/html/yii/framework/web/CController.php(263): GiiModule->beforeControllerAction(Object(DefaultController), Object(CInlineAction))
#1 /var/www/html/yii/framework/web/CWebApplication.php(282): CController->run('')
#2 /var/www/html/yii/framework/web/CWebApplication.php(141): CWebApplication->runController('gii')
#3 /var/www/html/yii/framework/base/CApplication.php(184): CWebApplication->processRequest()
#4 /var/www/html/bi/index.php(13): CApplication->run()
#5 {main}
REQUEST_URI=/index.php?r=gii
---
2015/11/02 03:34:10 [error] [exception.CHttpException.403] exception 'CHttpException' with message 'You are not allowed to access this page.' in /var/www/html/yii/framework/gii/GiiModule.php:170
Stack trace:
#0 /var/www/html/yii/framework/web/CController.php(263): GiiModule->beforeControllerAction(Object(DefaultController), Object(CInlineAction))
#1 /var/www/html/yii/framework/web/CWebApplication.php(282): CController->run('')
#2 /var/www/html/yii/framework/web/CWebApplication.php(141): CWebApplication->runController('gii')
#3 /var/www/html/yii/framework/base/CApplication.php(184): CWebApplication->processRequest()
#4 /var/www/html/bi/index.php(13): CApplication->run()
#5 {main}
REQUEST_URI=/index.php?r=gii
---
2015/11/02 03:34:21 [error] [exception.CHttpException.403] exception 'CHttpException' with message 'You are not allowed to access this page.' in /var/www/html/yii/framework/gii/GiiModule.php:170
Stack trace:
#0 /var/www/html/yii/framework/web/CController.php(263): GiiModule->beforeControllerAction(Object(DefaultController), Object(CInlineAction))
#1 /var/www/html/yii/framework/web/CWebApplication.php(282): CController->run('')
#2 /var/www/html/yii/framework/web/CWebApplication.php(141): CWebApplication->runController('gii')
#3 /var/www/html/yii/framework/base/CApplication.php(184): CWebApplication->processRequest()
#4 /var/www/html/bi/index.php(13): CApplication->run()
#5 {main}
REQUEST_URI=/index.php?r=gii
---
2015/11/02 03:34:24 [error] [exception.CHttpException.403] exception 'CHttpException' with message 'You are not allowed to access this page.' in /var/www/html/yii/framework/gii/GiiModule.php:170
Stack trace:
#0 /var/www/html/yii/framework/web/CController.php(263): GiiModule->beforeControllerAction(Object(DefaultController), Object(CInlineAction))
#1 /var/www/html/yii/framework/web/CWebApplication.php(282): CController->run('')
#2 /var/www/html/yii/framework/web/CWebApplication.php(141): CWebApplication->runController('gii')
#3 /var/www/html/yii/framework/base/CApplication.php(184): CWebApplication->processRequest()
#4 /var/www/html/bi/index.php(13): CApplication->run()
#5 {main}
REQUEST_URI=/index.php?r=gii
---
2015/11/02 03:34:27 [error] [exception.CHttpException.404] exception 'CHttpException' with message 'Unable to resolve the request "gii1".' in /var/www/html/yii/framework/web/CWebApplication.php:286
Stack trace:
#0 /var/www/html/yii/framework/web/CWebApplication.php(141): CWebApplication->runController('gii1')
#1 /var/www/html/yii/framework/base/CApplication.php(184): CWebApplication->processRequest()
#2 /var/www/html/bi/index.php(13): CApplication->run()
#3 {main}
REQUEST_URI=/index.php?r=gii1
---
2015/11/02 03:34:30 [error] [exception.CHttpException.403] exception 'CHttpException' with message 'You are not allowed to access this page.' in /var/www/html/yii/framework/gii/GiiModule.php:170
Stack trace:
#0 /var/www/html/yii/framework/web/CController.php(263): GiiModule->beforeControllerAction(Object(DefaultController), Object(CInlineAction))
#1 /var/www/html/yii/framework/web/CWebApplication.php(282): CController->run('')
#2 /var/www/html/yii/framework/web/CWebApplication.php(141): CWebApplication->runController('gii')
#3 /var/www/html/yii/framework/base/CApplication.php(184): CWebApplication->processRequest()
#4 /var/www/html/bi/index.php(13): CApplication->run()
#5 {main}
REQUEST_URI=/index.php?r=gii
---
2015/11/02 03:34:30 [error] [exception.CHttpException.403] exception 'CHttpException' with message 'You are not allowed to access this page.' in /var/www/html/yii/framework/gii/GiiModule.php:170
Stack trace:
#0 /var/www/html/yii/framework/web/CController.php(263): GiiModule->beforeControllerAction(Object(DefaultController), Object(CInlineAction))
#1 /var/www/html/yii/framework/web/CWebApplication.php(282): CController->run('')
#2 /var/www/html/yii/framework/web/CWebApplication.php(141): CWebApplication->runController('gii')
#3 /var/www/html/yii/framework/base/CApplication.php(184): CWebApplication->processRequest()
#4 /var/www/html/bi/index.php(13): CApplication->run()
#5 {main}
REQUEST_URI=/index.php?r=gii
---
2015/11/02 03:36:23 [error] [exception.CDbException] exception 'CDbException' with message 'CDbConnection failed to open the DB connection: SQLSTATE[42000] [1049] Unknown database 'bi'' in /var/www/html/yii/framework/db/CDbConnection.php:399
Stack trace:
#0 /var/www/html/yii/framework/db/CDbConnection.php(347): CDbConnection->open()
#1 /var/www/html/yii/framework/db/CDbConnection.php(325): CDbConnection->setActive(true)
#2 /var/www/html/yii/framework/base/CModule.php(394): CDbConnection->init()
#3 /var/www/html/yii/framework/base/CModule.php(103): CModule->getComponent('db')
#4 /var/www/html/yii/framework/gii/generators/model/ModelCode.php(60): CModule->__get('db')
#5 /var/www/html/yii/framework/web/CFormModel.php(39): ModelCode->init()
#6 /var/www/html/yii/framework/gii/CCodeGenerator.php(153): CFormModel->__construct()
#7 /var/www/html/yii/framework/gii/CCodeGenerator.php(63): CCodeGenerator->prepare()
#8 /var/www/html/yii/framework/web/actions/CInlineAction.php(49): CCodeGenerator->actionIndex()
#9 /var/www/html/yii/framework/web/CController.php(308): CInlineAction->runWithParams(Array)
#10 /var/www/html/yii/framework/web/CController.php(286): CController->runAction(Object(CInlineAction))
#11 /var/www/html/yii/framework/web/CController.php(265): CController->runActionWithFilters(Object(CInlineAction), Array)
#12 /var/www/html/yii/framework/web/CWebApplication.php(282): CController->run('index')
#13 /var/www/html/yii/framework/web/CWebApplication.php(141): CWebApplication->runController('gii/model/index')
#14 /var/www/html/yii/framework/base/CApplication.php(184): CWebApplication->processRequest()
#15 /var/www/html/bi/index.php(13): CApplication->run()
#16 {main}
REQUEST_URI=/index.php?r=gii/model/index
HTTP_REFERER=http://46.101.133.199/index.php?r=gii/controller/index
---
2015/11/02 03:38:19 [error] [system.db.CDbCommand] CDbCommand::fetchAll() failed: SQLSTATE[42S02]: Base table or view not found: 1146 Table 'bi.tmp' doesn't exist. The SQL statement executed was: SHOW FULL COLUMNS FROM `tmp`.
in /var/www/html/bi/index.php (13)
2015/11/02 03:41:46 [error] [system.db.CDbCommand] CDbCommand::fetchAll() failed: SQLSTATE[42S02]: Base table or view not found: 1146 Table 'bi.tmp' doesn't exist. The SQL statement executed was: SHOW FULL COLUMNS FROM `tmp`.
in /var/www/html/bi/index.php (13)
2015/11/02 07:30:24 [error] [exception.CHttpException.403] exception 'CHttpException' with message 'You are not authorized to perform this action.' in /var/www/html/yii/framework/web/auth/CAccessControlFilter.php:182
Stack trace:
#0 /var/www/html/yii/framework/web/auth/CAccessControlFilter.php(145): CAccessControlFilter->accessDenied(Object(CWebUser), 'You are not aut...')
#1 /var/www/html/yii/framework/web/filters/CFilter.php(38): CAccessControlFilter->preFilter(Object(CFilterChain))
#2 /var/www/html/yii/framework/web/CController.php(1145): CFilter->filter(Object(CFilterChain))
#3 /var/www/html/yii/framework/web/filters/CInlineFilter.php(58): CController->filterAccessControl(Object(CFilterChain))
#4 /var/www/html/yii/framework/web/filters/CFilterChain.php(130): CInlineFilter->filter(Object(CFilterChain))
#5 /var/www/html/yii/framework/web/CController.php(291): CFilterChain->run()
#6 /var/www/html/yii/framework/web/CController.php(265): CController->runActionWithFilters(Object(CInlineAction), Array)
#7 /var/www/html/yii/framework/web/CWebApplication.php(282): CController->run('admin')
#8 /var/www/html/yii/framework/web/CWebApplication.php(141): CWebApplication->runController('commodity/admin')
#9 /var/www/html/yii/framework/base/CApplication.php(184): CWebApplication->processRequest()
#10 /var/www/html/bi/index.php(14): CApplication->run()
#11 {main}
REQUEST_URI=/index.php?r=commodity/admin
HTTP_REFERER=http://46.101.133.199/index.php?r=site/login
---
2015/11/02 07:30:37 [error] [exception.CHttpException.403] exception 'CHttpException' with message 'You are not authorized to perform this action.' in /var/www/html/yii/framework/web/auth/CAccessControlFilter.php:182
Stack trace:
#0 /var/www/html/yii/framework/web/auth/CAccessControlFilter.php(145): CAccessControlFilter->accessDenied(Object(CWebUser), 'You are not aut...')
#1 /var/www/html/yii/framework/web/filters/CFilter.php(38): CAccessControlFilter->preFilter(Object(CFilterChain))
#2 /var/www/html/yii/framework/web/CController.php(1145): CFilter->filter(Object(CFilterChain))
#3 /var/www/html/yii/framework/web/filters/CInlineFilter.php(58): CController->filterAccessControl(Object(CFilterChain))
#4 /var/www/html/yii/framework/web/filters/CFilterChain.php(130): CInlineFilter->filter(Object(CFilterChain))
#5 /var/www/html/yii/framework/web/CController.php(291): CFilterChain->run()
#6 /var/www/html/yii/framework/web/CController.php(265): CController->runActionWithFilters(Object(CInlineAction), Array)
#7 /var/www/html/yii/framework/web/CWebApplication.php(282): CController->run('admin')
#8 /var/www/html/yii/framework/web/CWebApplication.php(141): CWebApplication->runController('commodity/admin')
#9 /var/www/html/yii/framework/base/CApplication.php(184): CWebApplication->processRequest()
#10 /var/www/html/bi/index.php(14): CApplication->run()
#11 {main}
REQUEST_URI=/index.php?r=commodity/admin
HTTP_REFERER=http://46.101.133.199/index.php?r=site/login
---
2015/11/02 08:00:07 [error] [exception.Exception] exception 'Exception' with message 'GAPI: Failed to authenticate user. Error: "Request failed, fopen provides no further information"' in /var/www/html/bi/protected/extensions/gaCounter/ExtGoogleAnalyticsCounter.php:549
Stack trace:
#0 /var/www/html/bi/protected/extensions/gaCounter/ExtGoogleAnalyticsCounter.php(241): gapi->authenticateUser('mike.antipiev@g...', 'iloveprodigy')
#1 /var/www/html/bi/protected/extensions/gaCounter/ExtGoogleAnalyticsCounter.php(110): gapi->__construct('mike.antipiev@g...', 'iloveprodigy')
#2 /var/www/html/bi/protected/extensions/gaCounter/ExtGoogleAnalyticsCounter.php(81): ExtGoogleAnalyticsCounter->GetTotalVisits()
#3 /var/www/html/yii/framework/web/CBaseController.php(181): ExtGoogleAnalyticsCounter->run()
#4 /var/www/html/bi/protected/views/layouts/main.php(53): CBaseController->widget('ext.gaCounter.E...', Array)
#5 /var/www/html/yii/framework/web/CBaseController.php(126): require('/var/www/html/b...')
#6 /var/www/html/yii/framework/web/CBaseController.php(95): CBaseController->renderInternal('/var/www/html/b...', Array, true)
#7 /var/www/html/yii/framework/web/widgets/CContentDecorator.php(76): CBaseController->renderFile('/var/www/html/b...', Array, true)
#8 /var/www/html/yii/framework/web/widgets/CContentDecorator.php(54): CContentDecorator->decorate('<div id="conten...')
#9 /var/www/html/yii/framework/web/widgets/COutputProcessor.php(44): CContentDecorator->processOutput('<div id="conten...')
#10 /var/www/html/yii/framework/web/CBaseController.php(214): COutputProcessor->run()
#11 /var/www/html/yii/framework/web/CBaseController.php(308): CBaseController->endWidget('CContentDecorat...')
#12 /var/www/html/bi/protected/views/layouts/column1.php(6): CBaseController->endContent()
#13 /var/www/html/yii/framework/web/CBaseController.php(126): require('/var/www/html/b...')
#14 /var/www/html/yii/framework/web/CBaseController.php(95): CBaseController->renderInternal('/var/www/html/b...', Array, true)
#15 /var/www/html/yii/framework/web/CController.php(784): CBaseController->renderFile('/var/www/html/b...', Array, true)
#16 /var/www/html/bi/protected/controllers/SiteController.php(32): CController->render('index')
#17 /var/www/html/yii/framework/web/actions/CInlineAction.php(49): SiteController->actionIndex()
#18 /var/www/html/yii/framework/web/CController.php(308): CInlineAction->runWithParams(Array)
#19 /var/www/html/yii/framework/web/CController.php(286): CController->runAction(Object(CInlineAction))
#20 /var/www/html/yii/framework/web/CController.php(265): CController->runActionWithFilters(Object(CInlineAction), Array)
#21 /var/www/html/yii/framework/web/CWebApplication.php(282): CController->run('index')
#22 /var/www/html/yii/framework/web/CWebApplication.php(141): CWebApplication->runController('site/index')
#23 /var/www/html/yii/framework/base/CApplication.php(184): CWebApplication->processRequest()
#24 /var/www/html/bi/index.php(14): CApplication->run()
#25 {main}
REQUEST_URI=/index.php?r=site/index
HTTP_REFERER=http://46.101.133.199/index.php?r=site/page&view=about
---
2015/11/02 08:14:08 [error] [exception.Exception] exception 'Exception' with message 'GAPI: Failed to authenticate user. Error: "https://developers.google.com/accounts/docs/AuthForInstalledApps
"' in /var/www/html/bi/protected/extensions/gaCounter/ExtGoogleAnalyticsCounter.php:549
Stack trace:
#0 /var/www/html/bi/protected/extensions/gaCounter/ExtGoogleAnalyticsCounter.php(241): gapi->authenticateUser('mike.antipiev@g...', 'iloveprodigy')
#1 /var/www/html/bi/protected/extensions/gaCounter/ExtGoogleAnalyticsCounter.php(110): gapi->__construct('mike.antipiev@g...', 'iloveprodigy')
#2 /var/www/html/bi/protected/extensions/gaCounter/ExtGoogleAnalyticsCounter.php(81): ExtGoogleAnalyticsCounter->GetTotalVisits()
#3 /var/www/html/yii/framework/web/CBaseController.php(181): ExtGoogleAnalyticsCounter->run()
#4 /var/www/html/bi/protected/views/layouts/main.php(53): CBaseController->widget('ext.gaCounter.E...', Array)
#5 /var/www/html/yii/framework/web/CBaseController.php(126): require('/var/www/html/b...')
#6 /var/www/html/yii/framework/web/CBaseController.php(95): CBaseController->renderInternal('/var/www/html/b...', Array, true)
#7 /var/www/html/yii/framework/web/widgets/CContentDecorator.php(76): CBaseController->renderFile('/var/www/html/b...', Array, true)
#8 /var/www/html/yii/framework/web/widgets/CContentDecorator.php(54): CContentDecorator->decorate('<div id="conten...')
#9 /var/www/html/yii/framework/web/widgets/COutputProcessor.php(44): CContentDecorator->processOutput('<div id="conten...')
#10 /var/www/html/yii/framework/web/CBaseController.php(214): COutputProcessor->run()
#11 /var/www/html/yii/framework/web/CBaseController.php(308): CBaseController->endWidget('CContentDecorat...')
#12 /var/www/html/bi/protected/views/layouts/column1.php(6): CBaseController->endContent()
#13 /var/www/html/yii/framework/web/CBaseController.php(126): require('/var/www/html/b...')
#14 /var/www/html/yii/framework/web/CBaseController.php(95): CBaseController->renderInternal('/var/www/html/b...', Array, true)
#15 /var/www/html/yii/framework/web/CController.php(784): CBaseController->renderFile('/var/www/html/b...', Array, true)
#16 /var/www/html/bi/protected/controllers/SiteController.php(32): CController->render('index')
#17 /var/www/html/yii/framework/web/actions/CInlineAction.php(49): SiteController->actionIndex()
#18 /var/www/html/yii/framework/web/CController.php(308): CInlineAction->runWithParams(Array)
#19 /var/www/html/yii/framework/web/CController.php(286): CController->runAction(Object(CInlineAction))
#20 /var/www/html/yii/framework/web/CController.php(265): CController->runActionWithFilters(Object(CInlineAction), Array)
#21 /var/www/html/yii/framework/web/CWebApplication.php(282): CController->run('index')
#22 /var/www/html/yii/framework/web/CWebApplication.php(141): CWebApplication->runController('site/index')
#23 /var/www/html/yii/framework/base/CApplication.php(184): CWebApplication->processRequest()
#24 /var/www/html/bi/index.php(14): CApplication->run()
#25 {main}
REQUEST_URI=/index.php?r=site/index
HTTP_REFERER=http://46.101.133.199/index.php?r=site/page&view=about
---
2015/11/02 09:07:05 [error] [exception.Exception] exception 'Exception' with message 'GAPI: Failed to authenticate user. Error: "https://developers.google.com/accounts/docs/AuthForInstalledApps
"' in /var/www/html/bi/protected/extensions/gaCounter/ExtGoogleAnalyticsCounter.php:549
Stack trace:
#0 /var/www/html/bi/protected/extensions/gaCounter/ExtGoogleAnalyticsCounter.php(241): gapi->authenticateUser('mike.antipiev@g...', 'wefewf')
#1 /var/www/html/bi/protected/extensions/gaCounter/ExtGoogleAnalyticsCounter.php(110): gapi->__construct('mike.antipiev@g...', 'wefewf')
#2 /var/www/html/bi/protected/extensions/gaCounter/ExtGoogleAnalyticsCounter.php(81): ExtGoogleAnalyticsCounter->GetTotalVisits()
#3 /var/www/html/yii/framework/web/CBaseController.php(181): ExtGoogleAnalyticsCounter->run()
#4 /var/www/html/bi/protected/views/layouts/main.php(53): CBaseController->widget('ext.gaCounter.E...', Array)
#5 /var/www/html/yii/framework/web/CBaseController.php(126): require('/var/www/html/b...')
#6 /var/www/html/yii/framework/web/CBaseController.php(95): CBaseController->renderInternal('/var/www/html/b...', Array, true)
#7 /var/www/html/yii/framework/web/widgets/CContentDecorator.php(76): CBaseController->renderFile('/var/www/html/b...', Array, true)
#8 /var/www/html/yii/framework/web/widgets/CContentDecorator.php(54): CContentDecorator->decorate('<div id="conten...')
#9 /var/www/html/yii/framework/web/widgets/COutputProcessor.php(44): CContentDecorator->processOutput('<div id="conten...')
#10 /var/www/html/yii/framework/web/CBaseController.php(214): COutputProcessor->run()
#11 /var/www/html/yii/framework/web/CBaseController.php(308): CBaseController->endWidget('CContentDecorat...')
#12 /var/www/html/bi/protected/views/layouts/column1.php(6): CBaseController->endContent()
#13 /var/www/html/yii/framework/web/CBaseController.php(126): require('/var/www/html/b...')
#14 /var/www/html/yii/framework/web/CBaseController.php(95): CBaseController->renderInternal('/var/www/html/b...', Array, true)
#15 /var/www/html/yii/framework/web/CController.php(784): CBaseController->renderFile('/var/www/html/b...', Array, true)
#16 /var/www/html/bi/protected/controllers/SiteController.php(32): CController->render('index')
#17 /var/www/html/yii/framework/web/actions/CInlineAction.php(49): SiteController->actionIndex()
#18 /var/www/html/yii/framework/web/CController.php(308): CInlineAction->runWithParams(Array)
#19 /var/www/html/yii/framework/web/CController.php(286): CController->runAction(Object(CInlineAction))
#20 /var/www/html/yii/framework/web/CController.php(265): CController->runActionWithFilters(Object(CInlineAction), Array)
#21 /var/www/html/yii/framework/web/CWebApplication.php(282): CController->run('')
#22 /var/www/html/yii/framework/web/CWebApplication.php(141): CWebApplication->runController('')
#23 /var/www/html/yii/framework/base/CApplication.php(184): CWebApplication->processRequest()
#24 /var/www/html/bi/index.php(14): CApplication->run()
#25 {main}
REQUEST_URI=/
---
2015/11/02 10:20:38 [error] [exception.Exception] exception 'Exception' with message 'GAPI: Failed to authenticate user. Error: "https://developers.google.com/accounts/docs/AuthForInstalledApps
"' in /var/www/html/bi/protected/extensions/gaCounter/ExtGoogleAnalyticsCounter.php:549
Stack trace:
#0 /var/www/html/bi/protected/extensions/gaCounter/ExtGoogleAnalyticsCounter.php(241): gapi->authenticateUser('mike.antipiev@g...', 'wefewf')
#1 /var/www/html/bi/protected/extensions/gaCounter/ExtGoogleAnalyticsCounter.php(110): gapi->__construct('mike.antipiev@g...', 'wefewf')
#2 /var/www/html/bi/protected/extensions/gaCounter/ExtGoogleAnalyticsCounter.php(81): ExtGoogleAnalyticsCounter->GetTotalVisits()
#3 /var/www/html/yii/framework/web/CBaseController.php(181): ExtGoogleAnalyticsCounter->run()
#4 /var/www/html/bi/protected/views/layouts/main.php(53): CBaseController->widget('ext.gaCounter.E...', Array)
#5 /var/www/html/yii/framework/web/CBaseController.php(126): require('/var/www/html/b...')
#6 /var/www/html/yii/framework/web/CBaseController.php(95): CBaseController->renderInternal('/var/www/html/b...', Array, true)
#7 /var/www/html/yii/framework/web/widgets/CContentDecorator.php(76): CBaseController->renderFile('/var/www/html/b...', Array, true)
#8 /var/www/html/yii/framework/web/widgets/CContentDecorator.php(54): CContentDecorator->decorate('<div id="conten...')
#9 /var/www/html/yii/framework/web/widgets/COutputProcessor.php(44): CContentDecorator->processOutput('<div id="conten...')
#10 /var/www/html/yii/framework/web/CBaseController.php(214): COutputProcessor->run()
#11 /var/www/html/yii/framework/web/CBaseController.php(308): CBaseController->endWidget('CContentDecorat...')
#12 /var/www/html/bi/protected/views/layouts/column1.php(6): CBaseController->endContent()
#13 /var/www/html/yii/framework/web/CBaseController.php(126): require('/var/www/html/b...')
#14 /var/www/html/yii/framework/web/CBaseController.php(95): CBaseController->renderInternal('/var/www/html/b...', Array, true)
#15 /var/www/html/yii/framework/web/CController.php(784): CBaseController->renderFile('/var/www/html/b...', Array, true)
#16 /var/www/html/bi/protected/controllers/SiteController.php(32): CController->render('index')
#17 /var/www/html/yii/framework/web/actions/CInlineAction.php(49): SiteController->actionIndex()
#18 /var/www/html/yii/framework/web/CController.php(308): CInlineAction->runWithParams(Array)
#19 /var/www/html/yii/framework/web/CController.php(286): CController->runAction(Object(CInlineAction))
#20 /var/www/html/yii/framework/web/CController.php(265): CController->runActionWithFilters(Object(CInlineAction), Array)
#21 /var/www/html/yii/framework/web/CWebApplication.php(282): CController->run('')
#22 /var/www/html/yii/framework/web/CWebApplication.php(141): CWebApplication->runController('')
#23 /var/www/html/yii/framework/base/CApplication.php(184): CWebApplication->processRequest()
#24 /var/www/html/bi/index.php(14): CApplication->run()
#25 {main}
REQUEST_URI=/
---
2015/11/02 13:06:55 [error] [exception.Exception] exception 'Exception' with message 'GAPI: Failed to authenticate user. Error: "https://developers.google.com/accounts/docs/AuthForInstalledApps
"' in /var/www/html/bi/protected/extensions/gaCounter/ExtGoogleAnalyticsCounter.php:549
Stack trace:
#0 /var/www/html/bi/protected/extensions/gaCounter/ExtGoogleAnalyticsCounter.php(241): gapi->authenticateUser('mike.antipiev@g...', 'wefewf')
#1 /var/www/html/bi/protected/extensions/gaCounter/ExtGoogleAnalyticsCounter.php(110): gapi->__construct('mike.antipiev@g...', 'wefewf')
#2 /var/www/html/bi/protected/extensions/gaCounter/ExtGoogleAnalyticsCounter.php(81): ExtGoogleAnalyticsCounter->GetTotalVisits()
#3 /var/www/html/yii/framework/web/CBaseController.php(181): ExtGoogleAnalyticsCounter->run()
#4 /var/www/html/bi/protected/views/layouts/main.php(53): CBaseController->widget('ext.gaCounter.E...', Array)
#5 /var/www/html/yii/framework/web/CBaseController.php(126): require('/var/www/html/b...')
#6 /var/www/html/yii/framework/web/CBaseController.php(95): CBaseController->renderInternal('/var/www/html/b...', Array, true)
#7 /var/www/html/yii/framework/web/widgets/CContentDecorator.php(76): CBaseController->renderFile('/var/www/html/b...', Array, true)
#8 /var/www/html/yii/framework/web/widgets/CContentDecorator.php(54): CContentDecorator->decorate('<div id="conten...')
#9 /var/www/html/yii/framework/web/widgets/COutputProcessor.php(44): CContentDecorator->processOutput('<div id="conten...')
#10 /var/www/html/yii/framework/web/CBaseController.php(214): COutputProcessor->run()
#11 /var/www/html/yii/framework/web/CBaseController.php(308): CBaseController->endWidget('CContentDecorat...')
#12 /var/www/html/bi/protected/views/layouts/column1.php(6): CBaseController->endContent()
#13 /var/www/html/yii/framework/web/CBaseController.php(126): require('/var/www/html/b...')
#14 /var/www/html/yii/framework/web/CBaseController.php(95): CBaseController->renderInternal('/var/www/html/b...', Array, true)
#15 /var/www/html/yii/framework/web/CController.php(784): CBaseController->renderFile('/var/www/html/b...', Array, true)
#16 /var/www/html/bi/protected/controllers/SiteController.php(32): CController->render('index')
#17 /var/www/html/yii/framework/web/actions/CInlineAction.php(49): SiteController->actionIndex()
#18 /var/www/html/yii/framework/web/CController.php(308): CInlineAction->runWithParams(Array)
#19 /var/www/html/yii/framework/web/CController.php(286): CController->runAction(Object(CInlineAction))
#20 /var/www/html/yii/framework/web/CController.php(265): CController->runActionWithFilters(Object(CInlineAction), Array)
#21 /var/www/html/yii/framework/web/CWebApplication.php(282): CController->run('')
#22 /var/www/html/yii/framework/web/CWebApplication.php(141): CWebApplication->runController('')
#23 /var/www/html/yii/framework/base/CApplication.php(184): CWebApplication->processRequest()
#24 /var/www/html/bi/index.php(14): CApplication->run()
#25 {main}
REQUEST_URI=/
---
2015/11/02 13:06:57 [error] [exception.Exception] exception 'Exception' with message 'GAPI: Failed to authenticate user. Error: "https://developers.google.com/accounts/docs/AuthForInstalledApps
"' in /var/www/html/bi/protected/extensions/gaCounter/ExtGoogleAnalyticsCounter.php:549
Stack trace:
#0 /var/www/html/bi/protected/extensions/gaCounter/ExtGoogleAnalyticsCounter.php(241): gapi->authenticateUser('mike.antipiev@g...', 'wefewf')
#1 /var/www/html/bi/protected/extensions/gaCounter/ExtGoogleAnalyticsCounter.php(110): gapi->__construct('mike.antipiev@g...', 'wefewf')
#2 /var/www/html/bi/protected/extensions/gaCounter/ExtGoogleAnalyticsCounter.php(81): ExtGoogleAnalyticsCounter->GetTotalVisits()
#3 /var/www/html/yii/framework/web/CBaseController.php(181): ExtGoogleAnalyticsCounter->run()
#4 /var/www/html/bi/protected/views/layouts/main.php(53): CBaseController->widget('ext.gaCounter.E...', Array)
#5 /var/www/html/yii/framework/web/CBaseController.php(126): require('/var/www/html/b...')
#6 /var/www/html/yii/framework/web/CBaseController.php(95): CBaseController->renderInternal('/var/www/html/b...', Array, true)
#7 /var/www/html/yii/framework/web/widgets/CContentDecorator.php(76): CBaseController->renderFile('/var/www/html/b...', Array, true)
#8 /var/www/html/yii/framework/web/widgets/CContentDecorator.php(54): CContentDecorator->decorate('<div id="conten...')
#9 /var/www/html/yii/framework/web/widgets/COutputProcessor.php(44): CContentDecorator->processOutput('<div id="conten...')
#10 /var/www/html/yii/framework/web/CBaseController.php(214): COutputProcessor->run()
#11 /var/www/html/yii/framework/web/CBaseController.php(308): CBaseController->endWidget('CContentDecorat...')
#12 /var/www/html/bi/protected/views/layouts/column1.php(6): CBaseController->endContent()
#13 /var/www/html/yii/framework/web/CBaseController.php(126): require('/var/www/html/b...')
#14 /var/www/html/yii/framework/web/CBaseController.php(95): CBaseController->renderInternal('/var/www/html/b...', Array, true)
#15 /var/www/html/yii/framework/web/CController.php(784): CBaseController->renderFile('/var/www/html/b...', Array, true)
#16 /var/www/html/bi/protected/controllers/SiteController.php(32): CController->render('index')
#17 /var/www/html/yii/framework/web/actions/CInlineAction.php(49): SiteController->actionIndex()
#18 /var/www/html/yii/framework/web/CController.php(308): CInlineAction->runWithParams(Array)
#19 /var/www/html/yii/framework/web/CController.php(286): CController->runAction(Object(CInlineAction))
#20 /var/www/html/yii/framework/web/CController.php(265): CController->runActionWithFilters(Object(CInlineAction), Array)
#21 /var/www/html/yii/framework/web/CWebApplication.php(282): CController->run('')
#22 /var/www/html/yii/framework/web/CWebApplication.php(141): CWebApplication->runController('')
#23 /var/www/html/yii/framework/base/CApplication.php(184): CWebApplication->processRequest()
#24 /var/www/html/bi/index.php(14): CApplication->run()
#25 {main}
REQUEST_URI=/
---
2015/11/02 13:08:04 [error] [exception.CException] exception 'CException' with message 'Alias "ext.gaCounter.ExtGoogleAnalyticsCounter" is invalid. Make sure it points to an existing PHP file and the file is readable.' in /var/www/html/yii/framework/YiiBase.php:323
Stack trace:
#0 /var/www/html/yii/framework/web/CWidgetFactory.php(146): YiiBase::import('ext.gaCounter.E...', true)
#1 /var/www/html/yii/framework/web/CBaseController.php(146): CWidgetFactory->createWidget(Object(SiteController), 'ext.gaCounter.E...', Array)
#2 /var/www/html/yii/framework/web/CBaseController.php(180): CBaseController->createWidget('ext.gaCounter.E...', Array)
#3 /var/www/html/bi/protected/views/layouts/main.php(53): CBaseController->widget('ext.gaCounter.E...', Array)
#4 /var/www/html/yii/framework/web/CBaseController.php(126): require('/var/www/html/b...')
#5 /var/www/html/yii/framework/web/CBaseController.php(95): CBaseController->renderInternal('/var/www/html/b...', Array, true)
#6 /var/www/html/yii/framework/web/widgets/CContentDecorator.php(76): CBaseController->renderFile('/var/www/html/b...', Array, true)
#7 /var/www/html/yii/framework/web/widgets/CContentDecorator.php(54): CContentDecorator->decorate('<div id="conten...')
#8 /var/www/html/yii/framework/web/widgets/COutputProcessor.php(44): CContentDecorator->processOutput('<div id="conten...')
#9 /var/www/html/yii/framework/web/CBaseController.php(214): COutputProcessor->run()
#10 /var/www/html/yii/framework/web/CBaseController.php(308): CBaseController->endWidget('CContentDecorat...')
#11 /var/www/html/bi/protected/views/layouts/column1.php(6): CBaseController->endContent()
#12 /var/www/html/yii/framework/web/CBaseController.php(126): require('/var/www/html/b...')
#13 /var/www/html/yii/framework/web/CBaseController.php(95): CBaseController->renderInternal('/var/www/html/b...', Array, true)
#14 /var/www/html/yii/framework/web/CController.php(784): CBaseController->renderFile('/var/www/html/b...', Array, true)
#15 /var/www/html/bi/protected/controllers/SiteController.php(32): CController->render('index')
#16 /var/www/html/yii/framework/web/actions/CInlineAction.php(49): SiteController->actionIndex()
#17 /var/www/html/yii/framework/web/CController.php(308): CInlineAction->runWithParams(Array)
#18 /var/www/html/yii/framework/web/CController.php(286): CController->runAction(Object(CInlineAction))
#19 /var/www/html/yii/framework/web/CController.php(265): CController->runActionWithFilters(Object(CInlineAction), Array)
#20 /var/www/html/yii/framework/web/CWebApplication.php(282): CController->run('')
#21 /var/www/html/yii/framework/web/CWebApplication.php(141): CWebApplication->runController('')
#22 /var/www/html/yii/framework/base/CApplication.php(184): CWebApplication->processRequest()
#23 /var/www/html/bi/index.php(14): CApplication->run()
#24 {main}
REQUEST_URI=/
---
2015/11/03 05:54:08 [error] [exception.CHttpException.400] exception 'CHttpException' with message 'Your request is invalid.' in /var/www/html/yii/framework/web/CController.php:336
Stack trace:
#0 /var/www/html/yii/framework/web/CController.php(309): CController->invalidActionParams(Object(CInlineAction))
#1 /var/www/html/yii/framework/web/filters/CFilterChain.php(133): CController->runAction(Object(CInlineAction))
#2 /var/www/html/yii/framework/web/filters/CFilter.php(40): CFilterChain->run()
#3 /var/www/html/yii/framework/web/CController.php(1145): CFilter->filter(Object(CFilterChain))
#4 /var/www/html/yii/framework/web/filters/CInlineFilter.php(58): CController->filterAccessControl(Object(CFilterChain))
#5 /var/www/html/yii/framework/web/filters/CFilterChain.php(130): CInlineFilter->filter(Object(CFilterChain))
#6 /var/www/html/yii/framework/web/CController.php(291): CFilterChain->run()
#7 /var/www/html/yii/framework/web/CController.php(265): CController->runActionWithFilters(Object(CInlineAction), Array)
#8 /var/www/html/yii/framework/web/CWebApplication.php(282): CController->run('view')
#9 /var/www/html/yii/framework/web/CWebApplication.php(141): CWebApplication->runController('profit/view')
#10 /var/www/html/yii/framework/base/CApplication.php(184): CWebApplication->processRequest()
#11 /var/www/html/bi/index.php(14): CApplication->run()
#12 {main}
REQUEST_URI=/index.php?r=profit/view
---
2015/11/03 05:54:13 [error] [exception.CHttpException.404] exception 'CHttpException' with message 'The system is unable to find the requested action "view.php".' in /var/www/html/yii/framework/web/CController.php:483
Stack trace:
#0 /var/www/html/yii/framework/web/CController.php(270): CController->missingAction('view.php')
#1 /var/www/html/yii/framework/web/CWebApplication.php(282): CController->run('view.php')
#2 /var/www/html/yii/framework/web/CWebApplication.php(141): CWebApplication->runController('profit/view.php')
#3 /var/www/html/yii/framework/base/CApplication.php(184): CWebApplication->processRequest()
#4 /var/www/html/bi/index.php(14): CApplication->run()
#5 {main}
REQUEST_URI=/index.php?r=profit/view.php
---
2015/11/03 05:54:41 [error] [exception.CHttpException.404] exception 'CHttpException' with message 'The system is unable to find the requested action "view.php".' in /var/www/html/yii/framework/web/CController.php:483
Stack trace:
#0 /var/www/html/yii/framework/web/CController.php(270): CController->missingAction('view.php')
#1 /var/www/html/yii/framework/web/CWebApplication.php(282): CController->run('view.php')
#2 /var/www/html/yii/framework/web/CWebApplication.php(141): CWebApplication->runController('profit/view.php')
#3 /var/www/html/yii/framework/base/CApplication.php(184): CWebApplication->processRequest()
#4 /var/www/html/bi/index.php(14): CApplication->run()
#5 {main}
REQUEST_URI=/index.php?r=profit/view.php
---
2015/11/03 05:54:54 [error] [exception.CHttpException.400] exception 'CHttpException' with message 'Your request is invalid.' in /var/www/html/yii/framework/web/CController.php:336
Stack trace:
#0 /var/www/html/yii/framework/web/CController.php(309): CController->invalidActionParams(Object(CInlineAction))
#1 /var/www/html/yii/framework/web/filters/CFilterChain.php(133): CController->runAction(Object(CInlineAction))
#2 /var/www/html/yii/framework/web/filters/CFilter.php(40): CFilterChain->run()
#3 /var/www/html/yii/framework/web/CController.php(1145): CFilter->filter(Object(CFilterChain))
#4 /var/www/html/yii/framework/web/filters/CInlineFilter.php(58): CController->filterAccessControl(Object(CFilterChain))
#5 /var/www/html/yii/framework/web/filters/CFilterChain.php(130): CInlineFilter->filter(Object(CFilterChain))
#6 /var/www/html/yii/framework/web/CController.php(291): CFilterChain->run()
#7 /var/www/html/yii/framework/web/CController.php(265): CController->runActionWithFilters(Object(CInlineAction), Array)
#8 /var/www/html/yii/framework/web/CWebApplication.php(282): CController->run('view')
#9 /var/www/html/yii/framework/web/CWebApplication.php(141): CWebApplication->runController('group/view')
#10 /var/www/html/yii/framework/base/CApplication.php(184): CWebApplication->processRequest()
#11 /var/www/html/bi/index.php(14): CApplication->run()
#12 {main}
REQUEST_URI=/index.php?r=group/view
---
2015/11/03 05:57:15 [error] [exception.CHttpException.400] exception 'CHttpException' with message 'Your request is invalid.' in /var/www/html/yii/framework/web/CController.php:336
Stack trace:
#0 /var/www/html/yii/framework/web/CController.php(309): CController->invalidActionParams(Object(CInlineAction))
#1 /var/www/html/yii/framework/web/filters/CFilterChain.php(133): CController->runAction(Object(CInlineAction))
#2 /var/www/html/yii/framework/web/filters/CFilter.php(40): CFilterChain->run()
#3 /var/www/html/yii/framework/web/CController.php(1145): CFilter->filter(Object(CFilterChain))
#4 /var/www/html/yii/framework/web/filters/CInlineFilter.php(58): CController->filterAccessControl(Object(CFilterChain))
#5 /var/www/html/yii/framework/web/filters/CFilterChain.php(130): CInlineFilter->filter(Object(CFilterChain))
#6 /var/www/html/yii/framework/web/CController.php(291): CFilterChain->run()
#7 /var/www/html/yii/framework/web/CController.php(265): CController->runActionWithFilters(Object(CInlineAction), Array)
#8 /var/www/html/yii/framework/web/CWebApplication.php(282): CController->run('view')
#9 /var/www/html/yii/framework/web/CWebApplication.php(141): CWebApplication->runController('commodity/view')
#10 /var/www/html/yii/framework/base/CApplication.php(184): CWebApplication->processRequest()
#11 /var/www/html/bi/index.php(14): CApplication->run()
#12 {main}
REQUEST_URI=/index.php?r=commodity/view
---
2015/11/03 05:57:17 [error] [exception.CHttpException.400] exception 'CHttpException' with message 'Your request is invalid.' in /var/www/html/yii/framework/web/CController.php:336
Stack trace:
#0 /var/www/html/yii/framework/web/CController.php(309): CController->invalidActionParams(Object(CInlineAction))
#1 /var/www/html/yii/framework/web/filters/CFilterChain.php(133): CController->runAction(Object(CInlineAction))
#2 /var/www/html/yii/framework/web/filters/CFilter.php(40): CFilterChain->run()
#3 /var/www/html/yii/framework/web/CController.php(1145): CFilter->filter(Object(CFilterChain))
#4 /var/www/html/yii/framework/web/filters/CInlineFilter.php(58): CController->filterAccessControl(Object(CFilterChain))
#5 /var/www/html/yii/framework/web/filters/CFilterChain.php(130): CInlineFilter->filter(Object(CFilterChain))
#6 /var/www/html/yii/framework/web/CController.php(291): CFilterChain->run()
#7 /var/www/html/yii/framework/web/CController.php(265): CController->runActionWithFilters(Object(CInlineAction), Array)
#8 /var/www/html/yii/framework/web/CWebApplication.php(282): CController->run('view')
#9 /var/www/html/yii/framework/web/CWebApplication.php(141): CWebApplication->runController('commodity/view')
#10 /var/www/html/yii/framework/base/CApplication.php(184): CWebApplication->processRequest()
#11 /var/www/html/bi/index.php(14): CApplication->run()
#12 {main}
REQUEST_URI=/index.php?r=commodity/view
---
2015/11/03 05:57:52 [error] [exception.CHttpException.404] exception 'CHttpException' with message 'The system is unable to find the requested action "view.php".' in /var/www/html/yii/framework/web/CController.php:483
Stack trace:
#0 /var/www/html/yii/framework/web/CController.php(270): CController->missingAction('view.php')
#1 /var/www/html/yii/framework/web/CWebApplication.php(282): CController->run('view.php')
#2 /var/www/html/yii/framework/web/CWebApplication.php(141): CWebApplication->runController('profit/view.php')
#3 /var/www/html/yii/framework/base/CApplication.php(184): CWebApplication->processRequest()
#4 /var/www/html/bi/index.php(14): CApplication->run()
#5 {main}
REQUEST_URI=/index.php?r=profit/view.php
---
2015/11/03 05:57:53 [error] [exception.CHttpException.400] exception 'CHttpException' with message 'Your request is invalid.' in /var/www/html/yii/framework/web/CController.php:336
Stack trace:
#0 /var/www/html/yii/framework/web/CController.php(309): CController->invalidActionParams(Object(CInlineAction))
#1 /var/www/html/yii/framework/web/filters/CFilterChain.php(133): CController->runAction(Object(CInlineAction))
#2 /var/www/html/yii/framework/web/filters/CFilter.php(40): CFilterChain->run()
#3 /var/www/html/yii/framework/web/CController.php(1145): CFilter->filter(Object(CFilterChain))
#4 /var/www/html/yii/framework/web/filters/CInlineFilter.php(58): CController->filterAccessControl(Object(CFilterChain))
#5 /var/www/html/yii/framework/web/filters/CFilterChain.php(130): CInlineFilter->filter(Object(CFilterChain))
#6 /var/www/html/yii/framework/web/CController.php(291): CFilterChain->run()
#7 /var/www/html/yii/framework/web/CController.php(265): CController->runActionWithFilters(Object(CInlineAction), Array)
#8 /var/www/html/yii/framework/web/CWebApplication.php(282): CController->run('view')
#9 /var/www/html/yii/framework/web/CWebApplication.php(141): CWebApplication->runController('profit/view')
#10 /var/www/html/yii/framework/base/CApplication.php(184): CWebApplication->processRequest()
#11 /var/www/html/bi/index.php(14): CApplication->run()
#12 {main}
REQUEST_URI=/index.php?r=profit/view
---
2015/11/03 05:57:53 [error] [exception.CHttpException.400] exception 'CHttpException' with message 'Your request is invalid.' in /var/www/html/yii/framework/web/CController.php:336
Stack trace:
#0 /var/www/html/yii/framework/web/CController.php(309): CController->invalidActionParams(Object(CInlineAction))
#1 /var/www/html/yii/framework/web/filters/CFilterChain.php(133): CController->runAction(Object(CInlineAction))
#2 /var/www/html/yii/framework/web/filters/CFilter.php(40): CFilterChain->run()
#3 /var/www/html/yii/framework/web/CController.php(1145): CFilter->filter(Object(CFilterChain))
#4 /var/www/html/yii/framework/web/filters/CInlineFilter.php(58): CController->filterAccessControl(Object(CFilterChain))
#5 /var/www/html/yii/framework/web/filters/CFilterChain.php(130): CInlineFilter->filter(Object(CFilterChain))
#6 /var/www/html/yii/framework/web/CController.php(291): CFilterChain->run()
#7 /var/www/html/yii/framework/web/CController.php(265): CController->runActionWithFilters(Object(CInlineAction), Array)
#8 /var/www/html/yii/framework/web/CWebApplication.php(282): CController->run('view')
#9 /var/www/html/yii/framework/web/CWebApplication.php(141): CWebApplication->runController('profit/view')
#10 /var/www/html/yii/framework/base/CApplication.php(184): CWebApplication->processRequest()
#11 /var/www/html/bi/index.php(14): CApplication->run()
#12 {main}
REQUEST_URI=/index.php?r=profit/view
---
2015/11/03 06:04:47 [error] [exception.CHttpException.403] exception 'CHttpException' with message 'You are not authorized to perform this action.' in /var/www/html/yii/framework/web/auth/CAccessControlFilter.php:182
Stack trace:
#0 /var/www/html/yii/framework/web/auth/CAccessControlFilter.php(145): CAccessControlFilter->accessDenied(Object(CWebUser), 'You are not aut...')
#1 /var/www/html/yii/framework/web/filters/CFilter.php(38): CAccessControlFilter->preFilter(Object(CFilterChain))
#2 /var/www/html/yii/framework/web/CController.php(1145): CFilter->filter(Object(CFilterChain))
#3 /var/www/html/yii/framework/web/filters/CInlineFilter.php(58): CController->filterAccessControl(Object(CFilterChain))
#4 /var/www/html/yii/framework/web/filters/CFilterChain.php(130): CInlineFilter->filter(Object(CFilterChain))
#5 /var/www/html/yii/framework/web/CController.php(291): CFilterChain->run()
#6 /var/www/html/yii/framework/web/CController.php(265): CController->runActionWithFilters(Object(CInlineAction), Array)
#7 /var/www/html/yii/framework/web/CWebApplication.php(282): CController->run('delete')
#8 /var/www/html/yii/framework/web/CWebApplication.php(141): CWebApplication->runController('group/delete')
#9 /var/www/html/yii/framework/base/CApplication.php(184): CWebApplication->processRequest()
#10 /var/www/html/bi/index.php(14): CApplication->run()
#11 {main}
REQUEST_URI=/index.php?r=group/delete&id=1
HTTP_REFERER=http://46.101.133.199/index.php?r=group/view&id=1
---
2015/11/03 06:11:52 [error] [exception.CHttpException.403] exception 'CHttpException' with message 'You are not authorized to perform this action.' in /var/www/html/yii/framework/web/auth/CAccessControlFilter.php:182
Stack trace:
#0 /var/www/html/yii/framework/web/auth/CAccessControlFilter.php(145): CAccessControlFilter->accessDenied(Object(CWebUser), 'You are not aut...')
#1 /var/www/html/yii/framework/web/filters/CFilter.php(38): CAccessControlFilter->preFilter(Object(CFilterChain))
#2 /var/www/html/yii/framework/web/CController.php(1145): CFilter->filter(Object(CFilterChain))
#3 /var/www/html/yii/framework/web/filters/CInlineFilter.php(58): CController->filterAccessControl(Object(CFilterChain))
#4 /var/www/html/yii/framework/web/filters/CFilterChain.php(130): CInlineFilter->filter(Object(CFilterChain))
#5 /var/www/html/yii/framework/web/CController.php(291): CFilterChain->run()
#6 /var/www/html/yii/framework/web/CController.php(265): CController->runActionWithFilters(Object(CInlineAction), Array)
#7 /var/www/html/yii/framework/web/CWebApplication.php(282): CController->run('delete')
#8 /var/www/html/yii/framework/web/CWebApplication.php(141): CWebApplication->runController('group/delete')
#9 /var/www/html/yii/framework/base/CApplication.php(184): CWebApplication->processRequest()
#10 /var/www/html/bi/index.php(14): CApplication->run()
#11 {main}
REQUEST_URI=/index.php?r=group/delete&id=1
HTTP_REFERER=http://46.101.133.199/index.php?r=group/view&id=1
---
2015/11/03 07:13:48 [error] [exception.CHttpException.404] exception 'CHttpException' with message 'The system is unable to find the requested action "manage".' in /var/www/html/yii/framework/web/CController.php:483
Stack trace:
#0 /var/www/html/yii/framework/web/CController.php(270): CController->missingAction('manage')
#1 /var/www/html/yii/framework/web/CWebApplication.php(282): CController->run('manage')
#2 /var/www/html/yii/framework/web/CWebApplication.php(141): CWebApplication->runController('site/manage')
#3 /var/www/html/yii/framework/base/CApplication.php(184): CWebApplication->processRequest()
#4 /var/www/html/bi/index.php(14): CApplication->run()
#5 {main}
REQUEST_URI=/index.php?r=site/manage
HTTP_REFERER=http://46.101.133.199/index.php?r=group/index
---
2015/11/03 07:27:21 [error] [php] Undefined variable: model (/var/www/html/bi/protected/views/site/manage.php:38)
Stack trace:
#0 /var/www/html/yii/framework/web/CController.php(869): SiteController->renderFile()
#1 /var/www/html/yii/framework/web/CController.php(782): SiteController->renderPartial()
#2 /var/www/html/bi/protected/controllers/SiteController.php(38): SiteController->render()
#3 /var/www/html/yii/framework/web/actions/CInlineAction.php(49): SiteController->actionManage()
#4 /var/www/html/yii/framework/web/CController.php(308): CInlineAction->runWithParams()
#5 /var/www/html/yii/framework/web/CController.php(286): SiteController->runAction()
#6 /var/www/html/yii/framework/web/CController.php(265): SiteController->runActionWithFilters()
#7 /var/www/html/yii/framework/web/CWebApplication.php(282): SiteController->run()
#8 /var/www/html/yii/framework/web/CWebApplication.php(141): CWebApplication->runController()
#9 /var/www/html/yii/framework/base/CApplication.php(184): CWebApplication->processRequest()
#10 /var/www/html/bi/index.php(14): CWebApplication->run()
REQUEST_URI=/index.php?r=site/manage
in /var/www/html/bi/protected/views/site/manage.php (38)
in /var/www/html/bi/protected/controllers/SiteController.php (38)
in /var/www/html/bi/index.php (14)
2015/11/03 07:27:25 [error] [php] Undefined variable: model (/var/www/html/bi/protected/views/site/manage.php:38)
Stack trace:
#0 /var/www/html/yii/framework/web/CController.php(869): SiteController->renderFile()
#1 /var/www/html/yii/framework/web/CController.php(782): SiteController->renderPartial()
#2 /var/www/html/bi/protected/controllers/SiteController.php(38): SiteController->render()
#3 /var/www/html/yii/framework/web/actions/CInlineAction.php(49): SiteController->actionManage()
#4 /var/www/html/yii/framework/web/CController.php(308): CInlineAction->runWithParams()
#5 /var/www/html/yii/framework/web/CController.php(286): SiteController->runAction()
#6 /var/www/html/yii/framework/web/CController.php(265): SiteController->runActionWithFilters()
#7 /var/www/html/yii/framework/web/CWebApplication.php(282): SiteController->run()
#8 /var/www/html/yii/framework/web/CWebApplication.php(141): CWebApplication->runController()
#9 /var/www/html/yii/framework/base/CApplication.php(184): CWebApplication->processRequest()
#10 /var/www/html/bi/index.php(14): CWebApplication->run()
REQUEST_URI=/index.php?r=site/manage
in /var/www/html/bi/protected/views/site/manage.php (38)
in /var/www/html/bi/protected/controllers/SiteController.php (38)
in /var/www/html/bi/index.php (14)
2015/11/03 07:48:42 [error] [system.db.CDbCommand] CDbCommand::fetchAll() failed: SQLSTATE[42S02]: Base table or view not found: 1146 Table 'bi.Import1CForm' doesn't exist. The SQL statement executed was: SHOW FULL COLUMNS FROM `Import1CForm`.
in /var/www/html/bi/protected/controllers/SiteController.php (37)
in /var/www/html/bi/index.php (14)
2015/11/03 07:48:42 [error] [exception.CDbException] exception 'CDbException' with message 'The table "Import1CForm" for active record class "Import1CForm" cannot be found in the database.' in /var/www/html/yii/framework/db/ar/CActiveRecord.php:2385
Stack trace:
#0 /var/www/html/yii/framework/db/ar/CActiveRecord.php(411): CActiveRecordMetaData->__construct(Object(Import1CForm))
#1 /var/www/html/yii/framework/db/ar/CActiveRecord.php(79): CActiveRecord->getMetaData()
#2 /var/www/html/bi/protected/controllers/SiteController.php(37): CActiveRecord->__construct()
#3 /var/www/html/yii/framework/web/actions/CInlineAction.php(49): SiteController->actionManage()
#4 /var/www/html/yii/framework/web/CController.php(308): CInlineAction->runWithParams(Array)
#5 /var/www/html/yii/framework/web/CController.php(286): CController->runAction(Object(CInlineAction))
#6 /var/www/html/yii/framework/web/CController.php(265): CController->runActionWithFilters(Object(CInlineAction), Array)
#7 /var/www/html/yii/framework/web/CWebApplication.php(282): CController->run('manage')
#8 /var/www/html/yii/framework/web/CWebApplication.php(141): CWebApplication->runController('site/manage')
#9 /var/www/html/yii/framework/base/CApplication.php(184): CWebApplication->processRequest()
#10 /var/www/html/bi/index.php(14): CApplication->run()
#11 {main}
REQUEST_URI=/index.php?r=site/manage
HTTP_REFERER=http://46.101.133.199/index.php?r=visits/index
---
2015/11/03 07:57:25 [error] [php] require(/var/www/html/bi/protected/views/import1CForm/uploadForm.php): failed to open stream: No such file or directory (/var/www/html/yii/framework/web/form/CFormElement.php:141)
Stack trace:
#0 /var/www/html/yii/framework/web/form/CForm.php(178): CForm->__construct()
#1 /var/www/html/bi/protected/controllers/SiteController.php(38): CForm->__construct()
#2 /var/www/html/yii/framework/web/actions/CInlineAction.php(49): SiteController->actionManage()
#3 /var/www/html/yii/framework/web/CController.php(308): CInlineAction->runWithParams()
#4 /var/www/html/yii/framework/web/CController.php(286): SiteController->runAction()
#5 /var/www/html/yii/framework/web/CController.php(265): SiteController->runActionWithFilters()
#6 /var/www/html/yii/framework/web/CWebApplication.php(282): SiteController->run()
#7 /var/www/html/yii/framework/web/CWebApplication.php(141): CWebApplication->runController()
#8 /var/www/html/yii/framework/base/CApplication.php(184): CWebApplication->processRequest()
#9 /var/www/html/bi/index.php(14): CWebApplication->run()
REQUEST_URI=/index.php?r=site/manage
in /var/www/html/bi/protected/controllers/SiteController.php (38)
in /var/www/html/bi/index.php (14)
